#
# There is insufficient memory for the Java Runtime Environment to continue.
# Native memory allocation (mmap) failed to map 266338304 bytes for Failed to commit area from 0x0000000702a00000 to 0x0000000712800000 of length 266338304.
# Possible reasons:
#   The system is out of physical RAM or swap space
#   The process is running with CompressedOops enabled, and the Java Heap may be blocking the growth of the native heap
# Possible solutions:
#   Reduce memory load on the system
#   Increase physical memory or swap space
#   Check if swap backing store is full
#   Decrease Java heap size (-Xmx/-Xms)
#   Decrease number of Java threads
#   Decrease Java thread stack sizes (-Xss)
#   Set larger code cache with -XX:ReservedCodeCacheSize=
# This output file may be truncated or incomplete.
#
#  Out of Memory Error (./src/hotspot/os/windows/os_windows.cpp:3303), pid=17948, tid=15436
#
# JRE version:  (11.0.8+10) (build )
# Java VM: OpenJDK 64-Bit Server VM (11.0.8+10-b944.31, mixed mode, sharing, tiered, compressed oops, g1 gc, windows-amd64)
# No core dump will be written. Minidumps are not enabled by default on client versions of Windows
#

---------------  S U M M A R Y ------------

Command Line: org.jetbrains.git4idea.http.GitAskPassApp Username for 'https://github.com': 

Host: Intel(R) Core(TM) i7-6700HQ CPU @ 2.60GHz, 8 cores, 15G,  Windows 10 , 64 bit Build 17763 (10.0.17763.475)
Time: Mon Nov  2 18:59:48 2020 ?rodkowoeuropejski czas stand. elapsed time: 0 seconds (0d 0h 0m 0s)

---------------  T H R E A D  ---------------

Current thread (0x0000024c60dd4000):  JavaThread "Unknown thread" [_thread_in_vm, id=15436, stack(0x000000c4c5900000,0x000000c4c5a00000)]

Stack: [0x000000c4c5900000,0x000000c4c5a00000]
Native frames: (J=compiled Java code, j=interpreted, Vv=VM code, C=native code)
V  [jvm.dll+0x5de35a]
V  [jvm.dll+0x712355]
V  [jvm.dll+0x7138ad]
V  [jvm.dll+0x713f63]
V  [jvm.dll+0x23e628]
V  [jvm.dll+0x5db804]
V  [jvm.dll+0x5d0925]
V  [jvm.dll+0x2faf9b]
V  [jvm.dll+0x2faf0a]
V  [jvm.dll+0x2fade2]
V  [jvm.dll+0x2ffcb6]
V  [jvm.dll+0x3483a3]
V  [jvm.dll+0x348aa6]
V  [jvm.dll+0x3484a3]
V  [jvm.dll+0x2d5be8]
V  [jvm.dll+0x2d6d87]
V  [jvm.dll+0x6f10e7]
V  [jvm.dll+0x6f28dc]
V  [jvm.dll+0x3558f9]
V  [jvm.dll+0x6d492e]
V  [jvm.dll+0x3bdad3]
V  [jvm.dll+0x3bfd01]
C  [jli.dll+0x5373]
C  [ucrtbase.dll+0x21ffa]
C  [KERNEL32.DLL+0x17974]
C  [ntdll.dll+0x6a271]


---------------  P R O C E S S  ---------------

Threads class SMR info:
_java_thread_list=0x0000024c5ecb5350, length=0, elements={
}

Java Threads: ( => current thread )

Other Threads:
  0x0000024c60dec000 GCTaskThread "GC Thread#0" [stack: 0x000000c4c5a00000,0x000000c4c5b00000] [id=17224]
  0x0000024c60e48000 ConcurrentGCThread "G1 Main Marker" [stack: 0x000000c4c5b00000,0x000000c4c5c00000] [id=15724]
  0x0000024c60e4a800 ConcurrentGCThread "G1 Conc#0" [stack: 0x000000c4c5c00000,0x000000c4c5d00000] [id=15904]

[error occurred during error reporting (printing all threads), id 0xc0000005, EXCEPTION_ACCESS_VIOLATION (0xc0000005) at pc=0x00007ffeb2b460c7]

VM state:not at safepoint (not fully initialized)

VM Mutex/Monitor currently owned by a thread:  ([mutex/lock_event])
[0x0000024c60dd2260] Heap_lock - owner thread: 0x0000024c60dd4000

Heap address: 0x0000000702a00000, size: 4054 MB, Compressed Oops mode: Non-zero based: 0x0000000702a00000
Narrow klass base: 0x0000000000000000, Narrow klass shift: 0

GC Heap History (0 events):
No events

Deoptimization events (0 events):
No events

Classes redefined (0 events):
No events

Internal exceptions (0 events):
No events

Events (1 events):
Event: 0.020 Loaded shared library E:\Intellij\IntelliJ IDEA 2020.2.1\jbr\bin\zip.dll


Dynamic libraries:
0x00007ff73e040000 - 0x00007ff73e04a000 	E:\Intellij\IntelliJ IDEA 2020.2.1\jbr\bin\java.exe
0x00007fff2c3e0000 - 0x00007fff2c5cd000 	C:\WINDOWS\SYSTEM32\ntdll.dll
0x00007fff00130000 - 0x00007fff00142000 	C:\Program Files\AVAST Software\Avast\aswhook.dll
0x00007fff2bba0000 - 0x00007fff2bc53000 	C:\WINDOWS\System32\KERNEL32.DLL
0x00007fff28e40000 - 0x00007fff290d4000 	C:\WINDOWS\System32\KERNELBASE.dll
0x00007fff28510000 - 0x00007fff2860a000 	C:\WINDOWS\System32\ucrtbase.dll
0x00007fff1eac0000 - 0x00007fff1ead9000 	E:\Intellij\IntelliJ IDEA 2020.2.1\jbr\bin\jli.dll
0x00007fff2ba00000 - 0x00007fff2bb97000 	C:\WINDOWS\System32\USER32.dll
0x00007fff28e00000 - 0x00007fff28e20000 	C:\WINDOWS\System32\win32u.dll
0x00007fff2bc60000 - 0x00007fff2bc89000 	C:\WINDOWS\System32\GDI32.dll
0x00007fff291e0000 - 0x00007fff2937c000 	C:\WINDOWS\System32\gdi32full.dll
0x00007fff29380000 - 0x00007fff29420000 	C:\WINDOWS\System32\msvcp_win.dll
0x00007fff1e9f0000 - 0x00007fff1ea07000 	E:\Intellij\IntelliJ IDEA 2020.2.1\jbr\bin\VCRUNTIME140.dll
0x00007fff18560000 - 0x00007fff187d9000 	C:\WINDOWS\WinSxS\amd64_microsoft.windows.common-controls_6595b64144ccf1df_6.0.17763.1457_none_de7243e4534a70d1\COMCTL32.dll
0x00007fff2bd70000 - 0x00007fff2be0e000 	C:\WINDOWS\System32\msvcrt.dll
0x00007fff2a160000 - 0x00007fff2a48d000 	C:\WINDOWS\System32\combase.dll
0x00007fff29870000 - 0x00007fff29992000 	C:\WINDOWS\System32\RPCRT4.dll
0x00007fff28490000 - 0x00007fff2850e000 	C:\WINDOWS\System32\bcryptPrimitives.dll
0x00007fff29610000 - 0x00007fff2963e000 	C:\WINDOWS\System32\IMM32.DLL
0x00007ffed5190000 - 0x00007ffed522d000 	E:\Intellij\IntelliJ IDEA 2020.2.1\jbr\bin\msvcp140.dll
0x00007ffeb2860000 - 0x00007ffeb331d000 	E:\Intellij\IntelliJ IDEA 2020.2.1\jbr\bin\server\jvm.dll
0x00007fff2c250000 - 0x00007fff2c2f3000 	C:\WINDOWS\System32\ADVAPI32.dll
0x00007fff297d0000 - 0x00007fff2986e000 	C:\WINDOWS\System32\sechost.dll
0x00007fff29600000 - 0x00007fff29608000 	C:\WINDOWS\System32\PSAPI.DLL
0x00007fff16480000 - 0x00007fff16489000 	C:\WINDOWS\SYSTEM32\WSOCK32.dll
0x00007fff2b990000 - 0x00007fff2b9fd000 	C:\WINDOWS\System32\WS2_32.dll
0x00007fff261e0000 - 0x00007fff26204000 	C:\WINDOWS\SYSTEM32\WINMM.dll
0x00007fff20b30000 - 0x00007fff20b3a000 	C:\WINDOWS\SYSTEM32\VERSION.dll
0x00007fff26090000 - 0x00007fff260bd000 	C:\WINDOWS\SYSTEM32\WINMMBASE.dll
0x00007fff290e0000 - 0x00007fff2912a000 	C:\WINDOWS\System32\cfgmgr32.dll
0x00007fff283c0000 - 0x00007fff283d1000 	C:\WINDOWS\System32\kernel.appcore.dll
0x00007fff1ae20000 - 0x00007fff1ae31000 	E:\Intellij\IntelliJ IDEA 2020.2.1\jbr\bin\verify.dll
0x00007fff27ef0000 - 0x00007fff280dd000 	C:\WINDOWS\SYSTEM32\DBGHELP.DLL
0x00007fff27d90000 - 0x00007fff27dba000 	C:\WINDOWS\SYSTEM32\dbgcore.DLL
0x00007fff1ac10000 - 0x00007fff1ac39000 	E:\Intellij\IntelliJ IDEA 2020.2.1\jbr\bin\java.dll
0x00007fff1e1f0000 - 0x00007fff1e1fb000 	E:\Intellij\IntelliJ IDEA 2020.2.1\jbr\bin\jimage.dll
0x00007fff18ba0000 - 0x00007fff18bb8000 	E:\Intellij\IntelliJ IDEA 2020.2.1\jbr\bin\zip.dll

dbghelp: loaded successfully - version: 4.0.5 - missing functions: none
symbol engine: initialized successfully - sym options: 0x614 - pdb path: .;E:\Intellij\IntelliJ IDEA 2020.2.1\jbr\bin;C:\WINDOWS\SYSTEM32;C:\Program Files\AVAST Software\Avast;C:\WINDOWS\WinSxS\amd64_microsoft.windows.common-controls_6595b64144ccf1df_6.0.17763.1457_none_de7243e4534a70d1;E:\Intellij\IntelliJ IDEA 2020.2.1\jbr\bin\server

VM Arguments:
java_command: org.jetbrains.git4idea.http.GitAskPassApp Username for 'https://github.com': 
java_class_path (initial): E:/Intellij/IntelliJ IDEA 2020.2.1/plugins/git4idea/lib/git4idea-rt.jar;E:/Intellij/IntelliJ IDEA 2020.2.1/lib/xmlrpc-2.0.1.jar;E:/Intellij/IntelliJ IDEA 2020.2.1/lib/commons-codec-1.14.jar
Launcher Type: SUN_STANDARD

[Global flags]
     intx CICompilerCount                          = 4                                         {product} {ergonomic}
     uint ConcGCThreads                            = 2                                         {product} {ergonomic}
     uint G1ConcRefinementThreads                  = 8                                         {product} {ergonomic}
   size_t G1HeapRegionSize                         = 1048576                                   {product} {ergonomic}
    uintx GCDrainStackTargetSize                   = 64                                        {product} {ergonomic}
   size_t InitialHeapSize                          = 266338304                                 {product} {ergonomic}
   size_t MarkStackSize                            = 4194304                                   {product} {ergonomic}
   size_t MaxHeapSize                              = 4250927104                                {product} {ergonomic}
   size_t MinHeapDeltaBytes                        = 1048576                                   {product} {ergonomic}
    uintx NonNMethodCodeHeapSize                   = 5836300                                {pd product} {ergonomic}
    uintx NonProfiledCodeHeapSize                  = 122910970                              {pd product} {ergonomic}
    uintx ProfiledCodeHeapSize                     = 122910970                              {pd product} {ergonomic}
    uintx ReservedCodeCacheSize                    = 251658240                              {pd product} {ergonomic}
     bool SegmentedCodeCache                       = true                                      {product} {ergonomic}
     bool UseCompressedClassPointers               = true                                 {lp64_product} {ergonomic}
     bool UseCompressedOops                        = true                                 {lp64_product} {ergonomic}
     bool UseG1GC                                  = true                                      {product} {ergonomic}
     bool UseLargePagesIndividualAllocation        = false                                  {pd product} {ergonomic}

Logging:
Log output configuration:
 #0: stdout all=warning uptime,level,tags
 #1: stderr all=off uptime,level,tags

Environment Variables:
PATH=C:\Program Files\Git\mingw64\libexec\git-core;C:\Program Files\Git\mingw64\libexec\git-core;C:\Program Files\Git\mingw64\bin;C:\Program Files\Git\usr\bin;C:\Users\Michal\bin;C:\Program Files (x86)\Common Files\Oracle\Java\javapath;C:\Windows\system32;C:\Windows;C:\Windows\System32\Wbem;C:\Windows\System32\WindowsPowerShell\v1.0;C:\Program Files\NVIDIA Corporation\NVIDIA NvDLISR;C:\Program Files (x86)\NVIDIA Corporation\PhysX\Common;C:\WINDOWS\system32;C:\WINDOWS;C:\WINDOWS\System32\Wbem;C:\WINDOWS\System32\WindowsPowerShell\v1.0;C:\WINDOWS\System32\OpenSSH;C:\Program Files\Git\cmd;C:\Program Files\NVIDIA Corporation\Nsight Compute 2019.1;C:\Program Files\Mercurial;C:\Program Files\Docker\Docker\resources\bin;C:\ProgramData\DockerDesktop\version-bin;C:\Program Files\nodejs;C:\Users\Michal\AppData\Local\Programs\Python\Python37\Scripts;C:\Users\Michal\AppData\Local\Programs\Python\Python37;C:\Users\Michal\AppData\Local\Microsoft\WindowsApps;C:\Users\Michal\AppData\Local\Programs\MiKTeX 2.9\miktex\bin\x64;E:\VisualStudioCode\Microsoft VS Code\bin;C:\Users\Michal\AppData\Roaming\npm
USERNAME=Michal
DISPLAY=:0.0
LC_ALL=en_US.UTF-8
OS=Windows_NT
PROCESSOR_IDENTIFIER=Intel64 Family 6 Model 94 Stepping 3, GenuineIntel



---------------  S Y S T E M  ---------------

OS: Windows 10 , 64 bit Build 17763 (10.0.17763.475)
OS uptime: 0 days 19:35 hours
HyperV virtualization detected

CPU:total 8 (initial active 8) (4 cores per cpu, 2 threads per core) family 6 model 94 stepping 3, cmov, cx8, fxsr, mmx, sse, sse2, sse3, ssse3, sse4.1, sse4.2, popcnt, avx, avx2, aes, clmul, erms, rtm, 3dnowpref, lzcnt, ht, tsc, tscinvbit, bmi1, bmi2, adx, fma

Memory: 4k page, system-wide physical 16211M (4500M free)
TotalPageFile size 17624M (AvailPageFile size 53M)
current process WorkingSet (physical memory assigned to process): 10M, peak: 10M
current process commit charge ("private bytes"): 60M, peak: 314M

vm_info: OpenJDK 64-Bit Server VM (11.0.8+10-b944.31) for windows-amd64 JRE (11.0.8+10-b944.31), built on Aug  6 2020 12:27:04 by "" with MS VC++ 14.0 (VS2015)

END.
